  GraphicLua.cpp
C:\Users\erikf\source\repos\Fantasy Console\Fantasy Console\GraphicLua.cpp(31,13): warning C4244: 'initializing': conversion from 'lua_Number' to 'float', possible loss of data
C:\Users\erikf\source\repos\Fantasy Console\Fantasy Console\GraphicLua.cpp(32,13): warning C4244: 'initializing': conversion from 'lua_Number' to 'float', possible loss of data
C:\Users\erikf\source\repos\Fantasy Console\Fantasy Console\GraphicLua.cpp(33,18): warning C4244: 'initializing': conversion from 'lua_Integer' to 'int', possible loss of data
C:\Users\erikf\source\repos\Fantasy Console\Fantasy Console\GraphicLua.cpp(34,17): warning C4244: 'initializing': conversion from 'lua_Integer' to 'int', possible loss of data
C:\Users\erikf\source\repos\Fantasy Console\Fantasy Console\GraphicLua.cpp(35,23): warning C4244: 'argument': conversion from 'float' to 'int', possible loss of data
C:\Users\erikf\source\repos\Fantasy Console\Fantasy Console\GraphicLua.cpp(35,20): warning C4244: 'argument': conversion from 'float' to 'int', possible loss of data
C:\Users\erikf\source\repos\Fantasy Console\Fantasy Console\GraphicLua.cpp(65,16): warning C4244: 'initializing': conversion from 'lua_Integer' to 'int', possible loss of data
C:\Users\erikf\source\repos\Fantasy Console\Fantasy Console\GraphicLua.cpp(66,17): warning C4244: 'initializing': conversion from 'lua_Number' to 'float', possible loss of data
C:\Users\erikf\source\repos\Fantasy Console\Fantasy Console\GraphicLua.cpp(67,17): warning C4244: 'initializing': conversion from 'lua_Number' to 'float', possible loss of data
C:\Users\erikf\source\repos\Fantasy Console\Fantasy Console\GraphicLua.cpp(68,22): warning C4244: 'initializing': conversion from 'lua_Integer' to 'int', possible loss of data
C:\Users\erikf\source\repos\Fantasy Console\Fantasy Console\GraphicLua.cpp(69,23): warning C4244: 'initializing': conversion from 'lua_Integer' to 'int', possible loss of data
C:\Users\erikf\source\repos\Fantasy Console\Fantasy Console\GraphicLua.cpp(70,22): warning C4244: 'initializing': conversion from 'lua_Integer' to 'int', possible loss of data
C:\Users\erikf\source\repos\Fantasy Console\Fantasy Console\GraphicLua.cpp(74,25): warning C4244: '=': conversion from 'int' to 'float', possible loss of data
C:\Users\erikf\source\repos\Fantasy Console\Fantasy Console\GraphicLua.cpp(75,26): warning C4244: '=': conversion from 'int' to 'float', possible loss of data
C:\Users\erikf\source\repos\Fantasy Console\Fantasy Console\GraphicLua.cpp(76,26): warning C4244: '=': conversion from 'int' to 'float', possible loss of data
C:\Users\erikf\source\repos\Fantasy Console\Fantasy Console\GraphicLua.cpp(77,25): warning C4244: '=': conversion from 'int' to 'float', possible loss of data
C:\Users\erikf\source\repos\Fantasy Console\Fantasy Console\GraphicLua.cpp(86,13): warning C4244: 'argument': conversion from 'int' to 'float', possible loss of data
C:\Users\erikf\source\repos\Fantasy Console\Fantasy Console\GraphicLua.cpp(92,16): warning C4244: 'initializing': conversion from 'lua_Integer' to 'int', possible loss of data
C:\Users\erikf\source\repos\Fantasy Console\Fantasy Console\GraphicLua.cpp(93,20): warning C4244: 'initializing': conversion from 'lua_Number' to 'float', possible loss of data
C:\Users\erikf\source\repos\Fantasy Console\Fantasy Console\GraphicLua.cpp(94,20): warning C4244: 'initializing': conversion from 'lua_Number' to 'float', possible loss of data
C:\Users\erikf\source\repos\Fantasy Console\Fantasy Console\GraphicLua.cpp(95,20): warning C4244: 'initializing': conversion from 'lua_Number' to 'float', possible loss of data
C:\Users\erikf\source\repos\Fantasy Console\Fantasy Console\GraphicLua.cpp(96,20): warning C4244: 'initializing': conversion from 'lua_Number' to 'float', possible loss of data
C:\Users\erikf\source\repos\Fantasy Console\Fantasy Console\GraphicLua.cpp(97,22): warning C4244: 'initializing': conversion from 'lua_Integer' to 'int', possible loss of data
C:\Users\erikf\source\repos\Fantasy Console\Fantasy Console\GraphicLua.cpp(98,23): warning C4244: 'initializing': conversion from 'lua_Integer' to 'int', possible loss of data
C:\Users\erikf\source\repos\Fantasy Console\Fantasy Console\GraphicLua.cpp(99,22): warning C4244: 'initializing': conversion from 'lua_Integer' to 'int', possible loss of data
C:\Users\erikf\source\repos\Fantasy Console\Fantasy Console\GraphicLua.cpp(100,23): warning C4244: 'initializing': conversion from 'lua_Integer' to 'int', possible loss of data
C:\Users\erikf\source\repos\Fantasy Console\Fantasy Console\GraphicLua.cpp(101,22): warning C4244: 'initializing': conversion from 'lua_Integer' to 'int', possible loss of data
C:\Users\erikf\source\repos\Fantasy Console\Fantasy Console\GraphicLua.cpp(102,21): warning C4244: 'initializing': conversion from 'lua_Integer' to 'int', possible loss of data
C:\Users\erikf\source\repos\Fantasy Console\Fantasy Console\GraphicLua.cpp(106,26): warning C4244: '=': conversion from 'int' to 'float', possible loss of data
C:\Users\erikf\source\repos\Fantasy Console\Fantasy Console\GraphicLua.cpp(107,25): warning C4244: '=': conversion from 'int' to 'float', possible loss of data
C:\Users\erikf\source\repos\Fantasy Console\Fantasy Console\GraphicLua.cpp(110,25): warning C4244: '=': conversion from 'int' to 'float', possible loss of data
C:\Users\erikf\source\repos\Fantasy Console\Fantasy Console\GraphicLua.cpp(111,26): warning C4244: '=': conversion from 'int' to 'float', possible loss of data
C:\Users\erikf\source\repos\Fantasy Console\Fantasy Console\GraphicLua.cpp(120,13): warning C4244: 'argument': conversion from 'int' to 'float', possible loss of data
C:\Users\erikf\source\repos\Fantasy Console\Fantasy Console\GraphicLua.cpp(143,11): warning C4244: 'initializing': conversion from 'lua_Integer' to 'int', possible loss of data
C:\Users\erikf\source\repos\Fantasy Console\Fantasy Console\GraphicLua.cpp(144,11): warning C4244: 'initializing': conversion from 'lua_Integer' to 'int', possible loss of data
C:\Users\erikf\source\repos\Fantasy Console\Fantasy Console\GraphicLua.cpp(145,18): warning C4244: 'initializing': conversion from 'lua_Integer' to 'int', possible loss of data
C:\Users\erikf\source\repos\Fantasy Console\Fantasy Console\GraphicLua.cpp(146,19): warning C4244: 'initializing': conversion from 'lua_Integer' to 'int', possible loss of data
C:\Users\erikf\source\repos\Fantasy Console\Fantasy Console\GraphicLua.cpp(167,49): warning C4244: '=': conversion from 'int' to 'float', possible loss of data
C:\Users\erikf\source\repos\Fantasy Console\Fantasy Console\GraphicLua.cpp(168,61): warning C4244: '=': conversion from 'int' to 'float', possible loss of data
C:\Users\erikf\source\repos\Fantasy Console\Fantasy Console\GraphicLua.cpp(169,27): warning C4244: '=': conversion from 'int' to 'float', possible loss of data
C:\Users\erikf\source\repos\Fantasy Console\Fantasy Console\GraphicLua.cpp(170,27): warning C4244: '=': conversion from 'int' to 'float', possible loss of data
C:\Users\erikf\source\repos\Fantasy Console\Fantasy Console\GraphicLua.cpp(180,18): warning C4244: 'initializing': conversion from 'lua_Number' to 'float', possible loss of data
C:\Users\erikf\source\repos\Fantasy Console\Fantasy Console\GraphicLua.cpp(181,18): warning C4244: 'initializing': conversion from 'lua_Number' to 'float', possible loss of data
C:\Users\erikf\source\repos\Fantasy Console\Fantasy Console\GraphicLua.cpp(182,16): warning C4244: 'initializing': conversion from 'lua_Number' to 'float', possible loss of data
C:\Users\erikf\source\repos\Fantasy Console\Fantasy Console\GraphicLua.cpp(183,16): warning C4244: 'initializing': conversion from 'lua_Number' to 'float', possible loss of data
C:\Users\erikf\source\repos\Fantasy Console\Fantasy Console\GraphicLua.cpp(184,17): warning C4244: 'initializing': conversion from 'lua_Integer' to 'int', possible loss of data
C:\Users\erikf\source\repos\Fantasy Console\Fantasy Console\GraphicLua.cpp(185,36): warning C4244: 'argument': conversion from 'float' to 'int', possible loss of data
C:\Users\erikf\source\repos\Fantasy Console\Fantasy Console\GraphicLua.cpp(185,30): warning C4244: 'argument': conversion from 'float' to 'int', possible loss of data
C:\Users\erikf\source\repos\Fantasy Console\Fantasy Console\GraphicLua.cpp(185,22): warning C4244: 'argument': conversion from 'float' to 'int', possible loss of data
C:\Users\erikf\source\repos\Fantasy Console\Fantasy Console\GraphicLua.cpp(185,14): warning C4244: 'argument': conversion from 'float' to 'int', possible loss of data
C:\Users\erikf\source\repos\Fantasy Console\Fantasy Console\GraphicLua.cpp(190,19): warning C4244: 'initializing': conversion from 'lua_Number' to 'float', possible loss of data
C:\Users\erikf\source\repos\Fantasy Console\Fantasy Console\GraphicLua.cpp(191,19): warning C4244: 'initializing': conversion from 'lua_Number' to 'float', possible loss of data
C:\Users\erikf\source\repos\Fantasy Console\Fantasy Console\GraphicLua.cpp(192,18): warning C4244: 'initializing': conversion from 'lua_Number' to 'float', possible loss of data
C:\Users\erikf\source\repos\Fantasy Console\Fantasy Console\GraphicLua.cpp(193,17): warning C4244: 'initializing': conversion from 'lua_Integer' to 'int', possible loss of data
C:\Users\erikf\source\repos\Fantasy Console\Fantasy Console\GraphicLua.cpp(194,25): warning C4244: 'argument': conversion from 'float' to 'int', possible loss of data
C:\Users\erikf\source\repos\Fantasy Console\Fantasy Console\GraphicLua.cpp(194,16): warning C4244: 'argument': conversion from 'float' to 'int', possible loss of data
C:\Users\erikf\source\repos\Fantasy Console\Fantasy Console\GraphicLua.cpp(202,17): warning C4244: 'initializing': conversion from 'lua_Integer' to 'int', possible loss of data
C:\Users\erikf\source\repos\Fantasy Console\Fantasy Console\GraphicLua.cpp(208,13): warning C4244: 'initializing': conversion from 'lua_Number' to 'float', possible loss of data
C:\Users\erikf\source\repos\Fantasy Console\Fantasy Console\GraphicLua.cpp(209,13): warning C4244: 'initializing': conversion from 'lua_Number' to 'float', possible loss of data
C:\Users\erikf\source\repos\Fantasy Console\Fantasy Console\GraphicLua.cpp(210,15): warning C4244: 'initializing': conversion from 'lua_Integer' to 'int', possible loss of data
C:\Users\erikf\source\repos\Fantasy Console\Fantasy Console\GraphicLua.cpp(211,16): warning C4244: 'initializing': conversion from 'lua_Integer' to 'int', possible loss of data
C:\Users\erikf\source\repos\Fantasy Console\Fantasy Console\GraphicLua.cpp(212,17): warning C4244: 'initializing': conversion from 'lua_Integer' to 'int', possible loss of data
C:\Users\erikf\source\repos\Fantasy Console\Fantasy Console\GraphicLua.cpp(213,22): warning C4244: 'argument': conversion from 'float' to 'int', possible loss of data
C:\Users\erikf\source\repos\Fantasy Console\Fantasy Console\GraphicLua.cpp(213,19): warning C4244: 'argument': conversion from 'float' to 'int', possible loss of data
  Fantasy Console.vcxproj -> C:\Users\erikf\source\repos\Fantasy Console\x64\Debug\Fantasy Console.exe
